# JRE version: OpenJDK Runtime Environment (7.0_79-b14) (build 1.7.0_79-b14)
# Java VM: OpenJDK 64-Bit Server VM (24.79-b02 mixed mode linux-amd64 compressed oops)
Heap
 PSYoungGen      total 203264K, used 12280K [0x00000000eaa80000, 0x00000000f7e00000, 0x0000000100000000)
  eden space 190976K, 0% used [0x00000000eaa80000,0x00000000eaa80000,0x00000000f6500000)
  from space 12288K, 99% used [0x00000000f6500000,0x00000000f70fe338,0x00000000f7100000)
  to   space 11264K, 0% used [0x00000000f7100000,0x00000000f7100000,0x00000000f7c00000)
 ParOldGen       total 40960K, used 39183K [0x00000000c0000000, 0x00000000c2800000, 0x00000000eaa80000)
  object space 40960K, 95% used [0x00000000c0000000,0x00000000c2643d08,0x00000000c2800000)
 PSPermGen       total 21504K, used 7694K [0x00000000b5a00000, 0x00000000b6f00000, 0x00000000c0000000)
  object space 21504K, 35% used [0x00000000b5a00000,0x00000000b6183900,0x00000000b6f00000)
GC Heap History (10 events):
Event: 5.235 GC heap after
Heap after GC invocations=6 (full 0):
 PSYoungGen      total 69632K, used 9538K [0x00000000eaa80000, 0x00000000efc80000, 0x0000000100000000)
  eden space 59904K, 0% used [0x00000000eaa80000,0x00000000eaa80000,0x00000000ee500000)
  from space 9728K, 98% used [0x00000000ef000000,0x00000000ef950940,0x00000000ef980000)
  to   space 11264K, 0% used [0x00000000ee500000,0x00000000ee500000,0x00000000ef000000)
 ParOldGen       total 40960K, used 18041K [0x00000000c0000000, 0x00000000c2800000, 0x00000000eaa80000)
  object space 40960K, 44% used [0x00000000c0000000,0x00000000c119e7c8,0x00000000c2800000)
 PSPermGen       total 21504K, used 7502K [0x00000000b5a00000, 0x00000000b6f00000, 0x00000000c0000000)
  object space 21504K, 34% used [0x00000000b5a00000,0x00000000b6153938,0x00000000b6f00000)
}
Event: 5.629 GC heap before
{Heap before GC invocations=7 (full 0):
 PSYoungGen      total 69632K, used 69442K [0x00000000eaa80000, 0x00000000efc80000, 0x0000000100000000)
  eden space 59904K, 100% used [0x00000000eaa80000,0x00000000ee500000,0x00000000ee500000)
  from space 9728K, 98% used [0x00000000ef000000,0x00000000ef950940,0x00000000ef980000)
  to   space 11264K, 0% used [0x00000000ee500000,0x00000000ee500000,0x00000000ef000000)
 ParOldGen       total 40960K, used 18041K [0x00000000c0000000, 0x00000000c2800000, 0x00000000eaa80000)
  object space 40960K, 44% used [0x00000000c0000000,0x00000000c119e7c8,0x00000000c2800000)
 PSPermGen       total 21504K, used 7564K [0x00000000b5a00000, 0x00000000b6f00000, 0x00000000c0000000)
  object space 21504K, 35% used [0x00000000b5a00000,0x00000000b6163260,0x00000000b6f00000)
Event: 5.641 GC heap after
Heap after GC invocations=7 (full 0):
 PSYoungGen      total 71168K, used 8028K [0x00000000eaa80000, 0x00000000f3580000, 0x0000000100000000)
  eden space 59904K, 0% used [0x00000000eaa80000,0x00000000eaa80000,0x00000000ee500000)
  from space 11264K, 71% used [0x00000000ee500000,0x00000000eecd7098,0x00000000ef000000)
  to   space 11264K, 0% used [0x00000000f2a80000,0x00000000f2a80000,0x00000000f3580000)
 ParOldGen       total 40960K, used 19373K [0x00000000c0000000, 0x00000000c2800000, 0x00000000eaa80000)
  object space 40960K, 47% used [0x00000000c0000000,0x00000000c12eb498,0x00000000c2800000)
 PSPermGen       total 21504K, used 7564K [0x00000000b5a00000, 0x00000000b6f00000, 0x00000000c0000000)
  object space 21504K, 35% used [0x00000000b5a00000,0x00000000b6163260,0x00000000b6f00000)
}
Event: 5.982 GC heap before
{Heap before GC invocations=8 (full 0):
 PSYoungGen      total 71168K, used 67932K [0x00000000eaa80000, 0x00000000f3580000, 0x0000000100000000)
  eden space 59904K, 100% used [0x00000000eaa80000,0x00000000ee500000,0x00000000ee500000)
  from space 11264K, 71% used [0x00000000ee500000,0x00000000eecd7098,0x00000000ef000000)
  to   space 11264K, 0% used [0x00000000f2a80000,0x00000000f2a80000,0x00000000f3580000)
 ParOldGen       total 40960K, used 19373K [0x00000000c0000000, 0x00000000c2800000, 0x00000000eaa80000)
  object space 40960K, 47% used [0x00000000c0000000,0x00000000c12eb498,0x00000000c2800000)
 PSPermGen       total 21504K, used 7668K [0x00000000b5a00000, 0x00000000b6f00000, 0x00000000c0000000)
  object space 21504K, 35% used [0x00000000b5a00000,0x00000000b617d1d8,0x00000000b6f00000)
Event: 5.990 GC heap after
Heap after GC invocations=8 (full 0):
 PSYoungGen      total 131072K, used 7707K [0x00000000eaa80000, 0x00000000f3580000, 0x0000000100000000)
  eden space 119808K, 0% used [0x00000000eaa80000,0x00000000eaa80000,0x00000000f1f80000)
  from space 11264K, 68% used [0x00000000f2a80000,0x00000000f3206f38,0x00000000f3580000)
  to   space 11264K, 0% used [0x00000000f1f80000,0x00000000f1f80000,0x00000000f2a80000)
 ParOldGen       total 40960K, used 19933K [0x00000000c0000000, 0x00000000c2800000, 0x00000000eaa80000)
  object space 40960K, 48% used [0x00000000c0000000,0x00000000c1377528,0x00000000c2800000)
 PSPermGen       total 21504K, used 7668K [0x00000000b5a00000, 0x00000000b6f00000, 0x00000000c0000000)
  object space 21504K, 35% used [0x00000000b5a00000,0x00000000b617d1d8,0x00000000b6f00000)
}
Event: 6.370 GC heap before
{Heap before GC invocations=9 (full 0):
 PSYoungGen      total 131072K, used 127515K [0x00000000eaa80000, 0x00000000f3580000, 0x0000000100000000)
  eden space 119808K, 100% used [0x00000000eaa80000,0x00000000f1f80000,0x00000000f1f80000)
  from space 11264K, 68% used [0x00000000f2a80000,0x00000000f3206f38,0x00000000f3580000)
  to   space 11264K, 0% used [0x00000000f1f80000,0x00000000f1f80000,0x00000000f2a80000)
 ParOldGen       total 40960K, used 19933K [0x00000000c0000000, 0x00000000c2800000, 0x00000000eaa80000)
  object space 40960K, 48% used [0x00000000c0000000,0x00000000c1377528,0x00000000c2800000)
 PSPermGen       total 21504K, used 7686K [0x00000000b5a00000, 0x00000000b6f00000, 0x00000000c0000000)
  object space 21504K, 35% used [0x00000000b5a00000,0x00000000b6181820,0x00000000b6f00000)
Event: 6.395 GC heap after
Heap after GC invocations=9 (full 0):
 PSYoungGen      total 131072K, used 7903K [0x00000000eaa80000, 0x00000000f7c00000, 0x0000000100000000)
  eden space 119808K, 0% used [0x00000000eaa80000,0x00000000eaa80000,0x00000000f1f80000)
  from space 11264K, 70% used [0x00000000f1f80000,0x00000000f2737f60,0x00000000f2a80000)
  to   space 11264K, 0% used [0x00000000f7100000,0x00000000f7100000,0x00000000f7c00000)
 ParOldGen       total 40960K, used 24826K [0x00000000c0000000, 0x00000000c2800000, 0x00000000eaa80000)
  object space 40960K, 60% used [0x00000000c0000000,0x00000000c183e9d0,0x00000000c2800000)
 PSPermGen       total 21504K, used 7686K [0x00000000b5a00000, 0x00000000b6f00000, 0x00000000c0000000)
  object space 21504K, 35% used [0x00000000b5a00000,0x00000000b6181820,0x00000000b6f00000)
}
Event: 6.657 GC heap before
{Heap before GC invocations=10 (full 0):
 PSYoungGen      total 131072K, used 127711K [0x00000000eaa80000, 0x00000000f7c00000, 0x0000000100000000)
  eden space 119808K, 100% used [0x00000000eaa80000,0x00000000f1f80000,0x00000000f1f80000)
  from space 11264K, 70% used [0x00000000f1f80000,0x00000000f2737f60,0x00000000f2a80000)
  to   space 11264K, 0% used [0x00000000f7100000,0x00000000f7100000,0x00000000f7c00000)
 ParOldGen       total 40960K, used 24826K [0x00000000c0000000, 0x00000000c2800000, 0x00000000eaa80000)
  object space 40960K, 60% used [0x00000000c0000000,0x00000000c183e9d0,0x00000000c2800000)
 PSPermGen       total 21504K, used 7689K [0x00000000b5a00000, 0x00000000b6f00000, 0x00000000c0000000)
  object space 21504K, 35% used [0x00000000b5a00000,0x00000000b61826b8,0x00000000b6f00000)
Event: 6.662 GC heap after
Heap after GC invocations=10 (full 0):
 PSYoungGen      total 202240K, used 10687K [0x00000000eaa80000, 0x00000000f7e00000, 0x0000000100000000)
  eden space 190976K, 0% used [0x00000000eaa80000,0x00000000eaa80000,0x00000000f6500000)
  from space 11264K, 94% used [0x00000000f7100000,0x00000000f7b6fe10,0x00000000f7c00000)
  to   space 12288K, 0% used [0x00000000f6500000,0x00000000f6500000,0x00000000f7100000)
 ParOldGen       total 40960K, used 28256K [0x00000000c0000000, 0x00000000c2800000, 0x00000000eaa80000)
  object space 40960K, 68% used [0x00000000c0000000,0x00000000c1b982d8,0x00000000c2800000)
 PSPermGen       total 21504K, used 7689K [0x00000000b5a00000, 0x00000000b6f00000, 0x00000000c0000000)
  object space 21504K, 35% used [0x00000000b5a00000,0x00000000b61826b8,0x00000000b6f00000)
}
Event: 6.987 GC heap before
{Heap before GC invocations=11 (full 0):
 PSYoungGen      total 202240K, used 201663K [0x00000000eaa80000, 0x00000000f7e00000, 0x0000000100000000)
  eden space 190976K, 100% used [0x00000000eaa80000,0x00000000f6500000,0x00000000f6500000)
  from space 11264K, 94% used [0x00000000f7100000,0x00000000f7b6fe10,0x00000000f7c00000)
  to   space 12288K, 0% used [0x00000000f6500000,0x00000000f6500000,0x00000000f7100000)
 ParOldGen       total 40960K, used 28256K [0x00000000c0000000, 0x00000000c2800000, 0x00000000eaa80000)
  object space 40960K, 68% used [0x00000000c0000000,0x00000000c1b982d8,0x00000000c2800000)
 PSPermGen       total 21504K, used 7694K [0x00000000b5a00000, 0x00000000b6f00000, 0x00000000c0000000)
  object space 21504K, 35% used [0x00000000b5a00000,0x00000000b6183900,0x00000000b6f00000)

