# JRE version: OpenJDK Runtime Environment (7.0_79-b14) (build 1.7.0_79-b14)
# Java VM: OpenJDK 64-Bit Server VM (24.79-b02 mixed mode linux-amd64 compressed oops)
Heap
 PSYoungGen      total 233472K, used 3301K [0x00000000eaa80000, 0x0000000100000000, 0x0000000100000000)
  eden space 117248K, 0% used [0x00000000eaa80000,0x00000000eaa80000,0x00000000f1d00000)
  from space 116224K, 2% used [0x00000000f8e80000,0x00000000f91b97b0,0x0000000100000000)
  to   space 116224K, 0% used [0x00000000f1d00000,0x00000000f1d00000,0x00000000f8e80000)
 ParOldGen       total 528384K, used 528374K [0x00000000c0000000, 0x00000000e0400000, 0x00000000eaa80000)
  object space 528384K, 99% used [0x00000000c0000000,0x00000000e03fda70,0x00000000e0400000)
 PSPermGen       total 21504K, used 6195K [0x00000000b5a00000, 0x00000000b6f00000, 0x00000000c0000000)
  object space 21504K, 28% used [0x00000000b5a00000,0x00000000b600cd10,0x00000000b6f00000)
GC Heap History (10 events):
Event: 17.633 GC heap after
Heap after GC invocations=31 (full 5):
 PSYoungGen      total 229888K, used 97243K [0x00000000eaa80000, 0x0000000100000000, 0x0000000100000000)
  eden space 117248K, 0% used [0x00000000eaa80000,0x00000000eaa80000,0x00000000f1d00000)
  from space 112640K, 86% used [0x00000000f9200000,0x00000000ff0f6cc8,0x0000000100000000)
  to   space 116224K, 0% used [0x00000000f1d00000,0x00000000f1d00000,0x00000000f8e80000)
 ParOldGen       total 528384K, used 363682K [0x00000000c0000000, 0x00000000e0400000, 0x00000000eaa80000)
  object space 528384K, 68% used [0x00000000c0000000,0x00000000d63289c8,0x00000000e0400000)
 PSPermGen       total 21504K, used 6182K [0x00000000b5a00000, 0x00000000b6f00000, 0x00000000c0000000)
  object space 21504K, 28% used [0x00000000b5a00000,0x00000000b6009ba0,0x00000000b6f00000)
}
Event: 17.925 GC heap before
{Heap before GC invocations=32 (full 5):
 PSYoungGen      total 229888K, used 214491K [0x00000000eaa80000, 0x0000000100000000, 0x0000000100000000)
  eden space 117248K, 100% used [0x00000000eaa80000,0x00000000f1d00000,0x00000000f1d00000)
  from space 112640K, 86% used [0x00000000f9200000,0x00000000ff0f6cc8,0x0000000100000000)
  to   space 116224K, 0% used [0x00000000f1d00000,0x00000000f1d00000,0x00000000f8e80000)
 ParOldGen       total 528384K, used 363682K [0x00000000c0000000, 0x00000000e0400000, 0x00000000eaa80000)
  object space 528384K, 68% used [0x00000000c0000000,0x00000000d63289c8,0x00000000e0400000)
 PSPermGen       total 21504K, used 6183K [0x00000000b5a00000, 0x00000000b6f00000, 0x00000000c0000000)
  object space 21504K, 28% used [0x00000000b5a00000,0x00000000b6009c80,0x00000000b6f00000)
Event: 18.077 GC heap after
Heap after GC invocations=32 (full 5):
 PSYoungGen      total 233472K, used 87337K [0x00000000eaa80000, 0x0000000100000000, 0x0000000100000000)
  eden space 117248K, 0% used [0x00000000eaa80000,0x00000000eaa80000,0x00000000f1d00000)
  from space 116224K, 75% used [0x00000000f1d00000,0x00000000f724a5e0,0x00000000f8e80000)
  to   space 116224K, 0% used [0x00000000f8e80000,0x00000000f8e80000,0x0000000100000000)
 ParOldGen       total 528384K, used 391288K [0x00000000c0000000, 0x00000000e0400000, 0x00000000eaa80000)
  object space 528384K, 74% used [0x00000000c0000000,0x00000000d7e1e010,0x00000000e0400000)
 PSPermGen       total 21504K, used 6183K [0x00000000b5a00000, 0x00000000b6f00000, 0x00000000c0000000)
  object space 21504K, 28% used [0x00000000b5a00000,0x00000000b6009c80,0x00000000b6f00000)
}
Event: 18.440 GC heap before
{Heap before GC invocations=33 (full 5):
 PSYoungGen      total 233472K, used 204585K [0x00000000eaa80000, 0x0000000100000000, 0x0000000100000000)
  eden space 117248K, 100% used [0x00000000eaa80000,0x00000000f1d00000,0x00000000f1d00000)
  from space 116224K, 75% used [0x00000000f1d00000,0x00000000f724a5e0,0x00000000f8e80000)
  to   space 116224K, 0% used [0x00000000f8e80000,0x00000000f8e80000,0x0000000100000000)
 ParOldGen       total 528384K, used 391288K [0x00000000c0000000, 0x00000000e0400000, 0x00000000eaa80000)
  object space 528384K, 74% used [0x00000000c0000000,0x00000000d7e1e010,0x00000000e0400000)
 PSPermGen       total 21504K, used 6184K [0x00000000b5a00000, 0x00000000b6f00000, 0x00000000c0000000)
  object space 21504K, 28% used [0x00000000b5a00000,0x00000000b600a330,0x00000000b6f00000)
Event: 18.573 GC heap after
Heap after GC invocations=33 (full 5):
 PSYoungGen      total 233472K, used 98619K [0x00000000eaa80000, 0x0000000100000000, 0x0000000100000000)
  eden space 117248K, 0% used [0x00000000eaa80000,0x00000000eaa80000,0x00000000f1d00000)
  from space 116224K, 84% used [0x00000000f8e80000,0x00000000feececf8,0x0000000100000000)
  to   space 116224K, 0% used [0x00000000f1d00000,0x00000000f1d00000,0x00000000f8e80000)
 ParOldGen       total 528384K, used 425598K [0x00000000c0000000, 0x00000000e0400000, 0x00000000eaa80000)
  object space 528384K, 80% used [0x00000000c0000000,0x00000000d9f9fad0,0x00000000e0400000)
 PSPermGen       total 21504K, used 6184K [0x00000000b5a00000, 0x00000000b6f00000, 0x00000000c0000000)
  object space 21504K, 28% used [0x00000000b5a00000,0x00000000b600a330,0x00000000b6f00000)
}
Event: 19.532 GC heap before
{Heap before GC invocations=34 (full 5):
 PSYoungGen      total 233472K, used 215867K [0x00000000eaa80000, 0x0000000100000000, 0x0000000100000000)
  eden space 117248K, 100% used [0x00000000eaa80000,0x00000000f1d00000,0x00000000f1d00000)
  from space 116224K, 84% used [0x00000000f8e80000,0x00000000feececf8,0x0000000100000000)
  to   space 116224K, 0% used [0x00000000f1d00000,0x00000000f1d00000,0x00000000f8e80000)
 ParOldGen       total 528384K, used 425598K [0x00000000c0000000, 0x00000000e0400000, 0x00000000eaa80000)
  object space 528384K, 80% used [0x00000000c0000000,0x00000000d9f9fad0,0x00000000e0400000)
 PSPermGen       total 21504K, used 6195K [0x00000000b5a00000, 0x00000000b6f00000, 0x00000000c0000000)
  object space 21504K, 28% used [0x00000000b5a00000,0x00000000b600cd30,0x00000000b6f00000)
Event: 19.623 GC heap after
Heap after GC invocations=34 (full 5):
 PSYoungGen      total 233472K, used 67066K [0x00000000eaa80000, 0x0000000100000000, 0x0000000100000000)
  eden space 117248K, 0% used [0x00000000eaa80000,0x00000000eaa80000,0x00000000f1d00000)
  from space 116224K, 57% used [0x00000000f1d00000,0x00000000f5e7eb18,0x00000000f8e80000)
  to   space 116224K, 0% used [0x00000000f8e80000,0x00000000f8e80000,0x0000000100000000)
 ParOldGen       total 528384K, used 460743K [0x00000000c0000000, 0x00000000e0400000, 0x00000000eaa80000)
  object space 528384K, 87% used [0x00000000c0000000,0x00000000dc1f1fd0,0x00000000e0400000)
 PSPermGen       total 21504K, used 6195K [0x00000000b5a00000, 0x00000000b6f00000, 0x00000000c0000000)
  object space 21504K, 28% used [0x00000000b5a00000,0x00000000b600cd30,0x00000000b6f00000)
}
Event: 19.959 GC heap before
{Heap before GC invocations=35 (full 5):
 PSYoungGen      total 233472K, used 184314K [0x00000000eaa80000, 0x0000000100000000, 0x0000000100000000)
  eden space 117248K, 100% used [0x00000000eaa80000,0x00000000f1d00000,0x00000000f1d00000)
  from space 116224K, 57% used [0x00000000f1d00000,0x00000000f5e7eb18,0x00000000f8e80000)
  to   space 116224K, 0% used [0x00000000f8e80000,0x00000000f8e80000,0x0000000100000000)
 ParOldGen       total 528384K, used 460743K [0x00000000c0000000, 0x00000000e0400000, 0x00000000eaa80000)
  object space 528384K, 87% used [0x00000000c0000000,0x00000000dc1f1fd0,0x00000000e0400000)
 PSPermGen       total 21504K, used 6195K [0x00000000b5a00000, 0x00000000b6f00000, 0x00000000c0000000)
  object space 21504K, 28% used [0x00000000b5a00000,0x00000000b600cd50,0x00000000b6f00000)
Event: 20.033 GC heap after
Heap after GC invocations=35 (full 5):
 PSYoungGen      total 233472K, used 45334K [0x00000000eaa80000, 0x0000000100000000, 0x0000000100000000)
  eden space 117248K, 0% used [0x00000000eaa80000,0x00000000eaa80000,0x00000000f1d00000)
  from space 116224K, 39% used [0x00000000f8e80000,0x00000000fbac5998,0x0000000100000000)
  to   space 116224K, 0% used [0x00000000f1d00000,0x00000000f1d00000,0x00000000f8e80000)
 ParOldGen       total 528384K, used 487885K [0x00000000c0000000, 0x00000000e0400000, 0x00000000eaa80000)
  object space 528384K, 92% used [0x00000000c0000000,0x00000000ddc73748,0x00000000e0400000)
 PSPermGen       total 21504K, used 6195K [0x00000000b5a00000, 0x00000000b6f00000, 0x00000000c0000000)
  object space 21504K, 28% used [0x00000000b5a00000,0x00000000b600cd50,0x00000000b6f00000)
}
Event: 20.033 GC heap before
{Heap before GC invocations=36 (full 6):
 PSYoungGen      total 233472K, used 45334K [0x00000000eaa80000, 0x0000000100000000, 0x0000000100000000)
  eden space 117248K, 0% used [0x00000000eaa80000,0x00000000eaa80000,0x00000000f1d00000)
  from space 116224K, 39% used [0x00000000f8e80000,0x00000000fbac5998,0x0000000100000000)
  to   space 116224K, 0% used [0x00000000f1d00000,0x00000000f1d00000,0x00000000f8e80000)
 ParOldGen       total 528384K, used 487885K [0x00000000c0000000, 0x00000000e0400000, 0x00000000eaa80000)
  object space 528384K, 92% used [0x00000000c0000000,0x00000000ddc73748,0x00000000e0400000)
 PSPermGen       total 21504K, used 6195K [0x00000000b5a00000, 0x00000000b6f00000, 0x00000000c0000000)
  object space 21504K, 28% used [0x00000000b5a00000,0x00000000b600cd50,0x00000000b6f00000)

